SF:lib/core/util/image.dart
DA:12,1
DA:14,1
DA:16,1
DA:17,3
DA:20,2
DA:23,1
DA:25,1
DA:27,1
DA:30,1
DA:32,1
DA:34,5
LF:11
LH:11
end_of_record
SF:lib/core/platform/network_info.dart
DA:13,1
DA:15,1
DA:16,2
DA:19,1
DA:20,4
LF:5
LH:5
end_of_record
SF:lib/core/errors/exceptions.dart
DA:12,3
DA:21,3
DA:30,2
DA:34,1
DA:38,1
DA:39,1
DA:40,0
DA:41,0
DA:42,0
DA:44,0
DA:47,1
DA:48,0
DA:49,0
DA:50,0
DA:52,0
DA:55,1
DA:56,0
DA:57,0
DA:58,0
DA:60,0
DA:63,1
DA:64,0
DA:65,0
DA:66,0
DA:68,0
DA:71,1
DA:72,0
DA:73,0
DA:74,0
DA:76,0
DA:80,1
DA:81,1
DA:82,1
DA:84,1
LF:34
LH:14
end_of_record
SF:lib/core/platform/location.dart
DA:22,1
DA:25,1
DA:30,3
DA:32,1
DA:35,1
DA:40,1
DA:41,0
DA:42,0
DA:43,0
DA:45,0
DA:51,1
DA:53,2
DA:54,1
DA:55,2
DA:63,3
DA:65,1
DA:66,1
DA:67,2
DA:75,1
DA:76,1
DA:77,2
DA:85,1
DA:86,0
DA:91,1
DA:92,0
DA:93,0
DA:94,0
DA:96,0
DA:102,1
DA:107,3
DA:109,1
DA:112,1
DA:117,1
DA:118,0
DA:119,0
DA:120,0
DA:122,0
DA:127,1
DA:128,2
DA:131,1
DA:134,2
DA:135,1
DA:136,1
DA:140,1
DA:145,1
DA:146,0
DA:147,0
DA:148,0
DA:150,0
DA:157,0
DA:159,0
DA:161,0
DA:163,0
DA:165,0
DA:166,0
LF:55
LH:32
end_of_record
SF:lib/core/util/localized_string.dart
DA:8,0
DA:9,0
LF:2
LH:0
end_of_record
SF:lib/features/tracking/domain/entities/location.dart
DA:16,5
DA:29,2
DA:30,2
DA:31,2
DA:32,2
DA:33,2
DA:34,2
DA:35,2
DA:36,2
DA:37,2
DA:38,2
DA:39,2
LF:12
LH:12
end_of_record
SF:lib/core/enums/exception_origin_types.dart
DA:1,12
DA:2,12
DA:3,12
DA:4,12
DA:5,12
DA:6,12
DA:7,12
LF:7
LH:7
end_of_record
SF:lib/features/tracking/data/models/location_model.dart
DA:19,5
DA:32,2
DA:33,0
DA:35,2
DA:36,4
DA:37,2
DA:38,2
DA:39,2
DA:40,2
DA:41,2
DA:42,2
DA:43,2
DA:44,2
DA:45,2
DA:49,1
DA:50,0
DA:52,1
DA:53,1
DA:54,1
DA:55,1
DA:56,1
DA:57,1
DA:58,1
DA:59,1
DA:60,1
DA:61,1
DA:62,1
DA:66,4
DA:67,2
DA:68,2
DA:69,2
DA:70,2
DA:71,2
DA:72,2
DA:73,2
DA:74,2
DA:75,2
DA:76,2
LF:38
LH:36
end_of_record
SF:lib/core/adapters/firestore_adapter.dart
DA:7,0
DA:30,1
DA:33,1
DA:37,2
DA:38,2
DA:42,0
DA:45,0
DA:48,1
DA:50,3
DA:52,0
DA:55,0
DA:58,1
DA:60,3
DA:63,1
DA:64,3
DA:67,1
DA:71,2
DA:72,2
DA:76,0
DA:79,0
LF:20
LH:13
end_of_record
SF:lib/core/errors/failure.dart
DA:7,4
DA:9,3
DA:10,6
DA:20,3
DA:21,6
DA:35,1
DA:36,2
DA:56,1
DA:58,2
LF:9
LH:9
end_of_record
SF:lib/core/platform/camera.dart
DA:30,1
DA:39,1
DA:40,7
DA:47,1
DA:50,1
DA:57,3
DA:60,2
DA:63,3
DA:64,2
DA:65,2
DA:68,0
DA:69,0
DA:70,0
DA:73,2
DA:76,1
DA:82,2
LF:16
LH:13
end_of_record
SF:lib/core/adapters/firebase_auth_adapter.dart
DA:23,1
DA:31,1
DA:32,3
DA:34,4
DA:39,1
DA:40,5
DA:41,3
DA:42,1
DA:43,1
DA:50,1
DA:51,3
DA:52,1
DA:53,2
DA:54,2
DA:55,2
DA:56,2
DA:61,1
DA:65,3
DA:70,1
DA:71,2
DA:72,2
DA:73,2
DA:74,2
DA:79,1
DA:83,3
DA:88,1
DA:89,2
DA:90,2
DA:91,2
DA:92,2
DA:105,0
DA:106,0
DA:109,0
DA:113,0
LF:34
LH:30
end_of_record
SF:lib/features/auth/data/models/user_model.dart
DA:6,4
DA:11,0
DA:12,0
DA:13,4
DA:15,2
DA:16,3
DA:17,2
DA:19,2
DA:20,2
DA:21,2
DA:22,2
DA:23,2
DA:27,4
DA:28,2
DA:29,2
DA:30,2
DA:31,2
LF:17
LH:15
end_of_record
SF:lib/features/auth/domain/entities/user.dart
DA:10,8
DA:17,3
DA:18,15
LF:3
LH:3
end_of_record
SF:lib/core/enums/social_login_types.dart
DA:1,9
DA:2,9
DA:3,9
LF:3
LH:3
end_of_record
SF:lib/features/auth/data/datasources/auth_remote_data_source.dart
DA:50,1
DA:57,1
DA:63,3
DA:66,5
DA:68,1
DA:69,1
DA:70,2
DA:76,2
DA:78,1
DA:79,2
DA:80,1
DA:81,1
DA:82,2
DA:83,1
DA:85,1
DA:88,1
DA:89,2
DA:92,1
DA:98,1
DA:101,1
DA:102,3
DA:104,0
DA:108,3
DA:111,5
DA:113,1
DA:114,3
DA:115,2
DA:116,1
DA:120,2
DA:122,1
DA:123,2
DA:124,1
DA:125,1
DA:126,2
DA:127,1
DA:131,0
DA:132,0
DA:140,1
DA:142,2
DA:143,1
DA:145,1
DA:146,1
DA:148,3
DA:149,2
DA:154,1
DA:155,2
DA:156,1
DA:157,1
DA:158,2
DA:159,1
DA:161,1
DA:164,0
DA:165,0
DA:168,0
LF:54
LH:48
end_of_record
SF:lib/core/screens/splash_screen.dart
DA:4,2
DA:6,1
DA:8,1
DA:12,1
DA:13,1
LF:5
LH:5
end_of_record
SF:lib/features/auth/data/repositories/auth_repository_impl.dart
DA:17,1
DA:20,1
DA:24,4
DA:27,1
DA:28,4
DA:31,1
DA:36,4
DA:38,1
DA:39,3
DA:40,2
DA:44,3
DA:45,1
DA:46,2
DA:47,1
DA:48,1
DA:49,1
DA:50,1
LF:17
LH:17
end_of_record
SF:lib/features/auth/domain/usecases/sign_in_with_social.dart
DA:13,1
DA:16,1
DA:17,4
DA:24,2
DA:26,1
DA:27,2
LF:6
LH:6
end_of_record
SF:lib/core/usecases/usecase.dart
DA:10,0
DA:11,0
LF:2
LH:0
end_of_record
SF:lib/features/auth/domain/usecases/sign_in_with_email_and_password.dart
DA:13,1
DA:16,1
DA:18,3
DA:19,1
DA:20,1
DA:29,2
DA:31,1
DA:32,3
LF:8
LH:8
end_of_record
SF:lib/features/auth/domain/usecases/sign_up.dart
DA:12,1
DA:15,1
DA:16,6
DA:25,2
DA:27,1
DA:28,4
LF:6
LH:6
end_of_record
SF:lib/features/auth/presentation/notifiers/auth_notifier.dart
DA:22,2
DA:23,2
DA:25,1
DA:32,1
DA:33,1
DA:34,1
DA:36,3
DA:37,1
DA:40,1
DA:41,1
DA:43,1
DA:44,1
DA:45,1
DA:46,1
DA:47,1
DA:53,1
DA:54,1
DA:55,1
DA:58,4
DA:60,1
DA:61,1
DA:63,1
DA:64,1
DA:65,1
DA:66,1
DA:67,1
DA:73,1
DA:74,1
DA:75,1
DA:78,4
DA:80,1
DA:81,1
DA:83,1
DA:84,1
DA:85,1
DA:86,1
DA:87,1
LF:37
LH:37
end_of_record
SF:lib/features/tracking/data/datasources/location_data_source.dart
DA:27,1
DA:33,1
DA:34,3
DA:35,2
DA:39,1
DA:43,3
DA:44,2
DA:47,1
LF:8
LH:8
end_of_record
SF:lib/features/tracking/domain/usecases/track_user.dart
DA:15,1
DA:18,1
DA:21,3
DA:22,1
DA:23,0
DA:24,1
DA:25,3
DA:26,4
DA:36,1
DA:38,0
DA:39,0
LF:11
LH:8
end_of_record
SF:lib/features/tracking/data/repositories/location_repository_impl.dart
DA:14,1
DA:17,1
DA:19,3
DA:20,1
DA:21,1
DA:22,2
DA:23,1
DA:24,1
DA:25,1
DA:26,1
DA:28,1
DA:29,2
DA:30,1
DA:31,1
DA:32,1
DA:33,1
DA:39,1
DA:44,4
DA:45,1
DA:46,1
DA:47,2
DA:48,1
DA:49,1
DA:50,1
DA:51,1
DA:53,1
DA:54,2
DA:55,1
DA:56,1
DA:57,1
DA:58,1
LF:31
LH:31
end_of_record
