SF:lib/core/platform/network_info.dart
DA:13,1
DA:15,1
DA:16,2
DA:19,1
DA:20,4
LF:5
LH:5
end_of_record
SF:lib/core/util/image.dart
DA:13,1
DA:15,1
DA:17,1
DA:18,3
DA:21,2
DA:24,1
DA:26,1
DA:28,1
DA:31,1
DA:33,1
DA:35,5
LF:11
LH:11
end_of_record
SF:lib/core/errors/exceptions.dart
DA:12,7
DA:21,3
DA:30,2
DA:34,1
DA:38,1
DA:39,1
DA:40,0
DA:41,0
DA:42,0
DA:44,0
DA:47,1
DA:48,0
DA:49,0
DA:50,0
DA:52,0
DA:55,1
DA:56,0
DA:57,0
DA:58,0
DA:60,0
DA:63,1
DA:64,0
DA:65,0
DA:66,0
DA:68,0
DA:71,1
DA:72,0
DA:73,0
DA:74,0
DA:76,0
DA:80,1
DA:81,1
DA:82,1
DA:84,1
LF:34
LH:14
end_of_record
SF:lib/core/platform/location.dart
DA:22,1
DA:25,1
DA:30,3
DA:32,1
DA:35,1
DA:40,1
DA:41,0
DA:42,0
DA:43,0
DA:45,0
DA:51,1
DA:53,2
DA:54,1
DA:55,2
DA:63,3
DA:65,1
DA:66,1
DA:67,2
DA:75,1
DA:76,1
DA:77,2
DA:85,1
DA:86,0
DA:91,1
DA:92,0
DA:93,0
DA:94,0
DA:96,0
DA:102,1
DA:107,3
DA:109,1
DA:112,1
DA:117,1
DA:118,0
DA:119,0
DA:120,0
DA:122,0
DA:127,1
DA:128,2
DA:131,1
DA:134,2
DA:135,1
DA:136,1
DA:140,1
DA:145,1
DA:146,0
DA:147,0
DA:148,0
DA:150,0
DA:157,0
DA:159,0
DA:161,0
DA:163,0
DA:164,0
DA:166,0
DA:167,0
LF:56
LH:32
end_of_record
SF:lib/core/util/localized_string.dart
DA:8,0
DA:9,0
LF:2
LH:0
end_of_record
SF:lib/features/tracking/domain/entities/location.dart
DA:16,5
DA:29,2
DA:30,2
DA:31,2
DA:32,2
DA:33,2
DA:34,2
DA:35,2
DA:36,2
DA:37,2
DA:38,2
DA:39,2
LF:12
LH:12
end_of_record
SF:lib/core/enums/exception_origin_types.dart
DA:1,29
DA:2,29
DA:3,29
DA:4,29
DA:5,29
DA:6,29
DA:7,29
LF:7
LH:7
end_of_record
SF:lib/features/tracking/data/models/location_model.dart
DA:19,5
DA:32,2
DA:33,0
DA:35,2
DA:36,4
DA:37,2
DA:38,2
DA:39,2
DA:40,2
DA:41,2
DA:42,2
DA:43,2
DA:44,2
DA:45,2
DA:49,1
DA:50,0
DA:52,1
DA:53,1
DA:54,1
DA:55,1
DA:56,1
DA:57,1
DA:58,1
DA:59,1
DA:60,1
DA:61,1
DA:62,1
DA:66,4
DA:67,2
DA:68,2
DA:69,2
DA:70,2
DA:71,2
DA:72,2
DA:73,2
DA:74,2
DA:75,2
DA:76,2
LF:38
LH:36
end_of_record
SF:lib/core/adapters/firestore_adapter.dart
DA:7,0
DA:30,1
DA:33,1
DA:37,2
DA:38,2
DA:42,0
DA:45,0
DA:48,1
DA:50,3
DA:52,0
DA:55,0
DA:58,1
DA:60,3
DA:63,1
DA:64,3
DA:67,1
DA:71,2
DA:72,2
DA:76,0
DA:79,0
LF:20
LH:13
end_of_record
SF:lib/core/adapters/firebase_storage_adapter.dart
DA:13,1
DA:15,1
DA:17,3
DA:19,1
DA:21,3
LF:5
LH:5
end_of_record
SF:lib/core/errors/failure.dart
DA:8,10
DA:10,5
DA:11,10
DA:21,9
DA:22,18
DA:36,1
DA:37,2
DA:57,1
DA:59,2
LF:9
LH:9
end_of_record
SF:lib/core/platform/camera.dart
DA:30,1
DA:39,1
DA:40,7
DA:47,1
DA:50,1
DA:57,3
DA:60,2
DA:63,3
DA:64,2
DA:65,2
DA:68,0
DA:69,0
DA:70,0
DA:73,2
DA:76,1
DA:82,2
LF:16
LH:13
end_of_record
SF:lib/core/adapters/firebase_auth_adapter.dart
DA:24,1
DA:32,1
DA:33,3
DA:35,4
DA:40,1
DA:41,5
DA:42,3
DA:43,1
DA:44,1
DA:51,1
DA:52,3
DA:53,1
DA:54,2
DA:55,2
DA:56,2
DA:57,2
DA:62,1
DA:66,3
DA:71,1
DA:72,2
DA:73,2
DA:74,2
DA:75,2
DA:80,1
DA:84,3
DA:89,1
DA:90,2
DA:91,2
DA:92,2
DA:93,2
DA:106,0
DA:107,0
DA:110,0
DA:114,0
LF:34
LH:30
end_of_record
SF:lib/features/user/data/models/user_model.dart
DA:7,8
DA:13,0
DA:14,0
DA:15,8
DA:23,2
DA:24,3
DA:25,2
DA:27,2
DA:28,2
DA:29,2
DA:30,2
DA:31,2
DA:32,2
DA:36,6
DA:37,3
DA:38,3
DA:39,3
DA:40,6
DA:41,3
DA:44,1
DA:51,1
DA:52,1
DA:53,0
DA:54,1
DA:55,1
DA:56,1
LF:26
LH:23
end_of_record
SF:lib/core/enums/organization_member_status.dart
DA:3,26
DA:4,26
DA:5,26
DA:6,26
DA:7,26
LF:5
LH:5
end_of_record
SF:lib/core/enums/organization_role_types.dart
DA:3,26
DA:4,26
DA:5,26
DA:6,26
LF:4
LH:4
end_of_record
SF:lib/features/organization/domain/entities/member.dart
DA:11,3
DA:18,3
LF:2
LH:2
end_of_record
SF:lib/features/user/domain/entities/user.dart
DA:13,18
DA:21,3
DA:22,3
DA:23,3
DA:24,3
DA:25,3
DA:26,3
DA:27,3
LF:8
LH:8
end_of_record
SF:lib/features/organization/domain/entities/organization.dart
DA:14,13
DA:23,1
DA:24,7
LF:3
LH:3
end_of_record
SF:lib/core/util/uuid_generator.dart
DA:6,0
DA:8,0
LF:2
LH:0
end_of_record
SF:lib/features/organization/data/datasources/organization_data_source.dart
DA:76,1
DA:84,1
DA:92,2
DA:96,3
DA:98,1
DA:100,3
DA:101,1
DA:105,3
DA:106,1
DA:107,1
DA:115,3
DA:116,2
DA:117,1
DA:118,1
DA:119,1
DA:120,1
DA:124,3
DA:125,2
DA:126,1
DA:127,1
DA:128,1
DA:129,1
DA:130,1
DA:131,1
DA:136,1
DA:142,1
DA:143,2
DA:144,1
DA:145,2
DA:146,2
DA:150,1
DA:151,1
DA:152,2
DA:153,1
DA:155,1
DA:161,1
DA:163,4
DA:164,1
DA:165,1
DA:166,2
DA:167,1
DA:169,1
DA:175,1
DA:177,4
DA:179,1
DA:180,0
DA:181,0
DA:187,2
DA:188,1
DA:189,3
DA:191,1
DA:192,1
DA:193,2
DA:194,1
DA:196,1
DA:201,0
DA:204,0
DA:208,1
DA:213,3
DA:214,1
DA:217,4
DA:218,1
DA:220,2
DA:221,1
DA:223,5
DA:228,4
DA:229,2
DA:230,1
DA:231,3
DA:233,1
DA:234,1
DA:235,2
DA:236,1
DA:238,1
DA:244,1
DA:251,1
DA:254,2
DA:258,0
DA:261,3
DA:262,1
DA:266,4
DA:267,2
DA:268,1
DA:269,3
DA:271,0
DA:272,0
DA:273,0
DA:274,0
DA:276,0
DA:282,1
DA:290,1
DA:293,1
DA:297,1
DA:301,1
DA:305,1
DA:309,3
DA:311,1
DA:313,3
DA:314,1
DA:316,1
DA:319,3
DA:320,1
DA:324,2
DA:325,3
DA:326,3
DA:328,1
DA:329,1
DA:330,2
DA:331,1
DA:333,1
DA:338,1
DA:339,1
DA:341,3
DA:342,1
DA:344,3
DA:345,1
DA:346,2
DA:347,1
DA:348,4
DA:350,1
DA:351,3
DA:352,1
DA:353,1
LF:123
LH:113
end_of_record
SF:lib/features/organization/data/models/member_model.dart
DA:6,3
DA:13,3
DA:22,2
DA:23,2
DA:24,2
DA:25,2
DA:26,2
DA:27,2
DA:28,2
DA:29,4
DA:31,2
DA:32,4
DA:37,2
DA:38,1
DA:39,1
DA:40,1
DA:41,1
DA:42,1
DA:43,1
LF:19
LH:19
end_of_record
SF:lib/features/organization/data/models/organization_model.dart
DA:7,5
DA:14,5
DA:23,4
DA:24,4
DA:25,4
DA:26,4
DA:27,4
DA:28,4
DA:29,4
DA:30,4
DA:34,2
DA:35,1
DA:36,1
DA:37,1
DA:38,1
DA:39,1
DA:42,0
DA:50,0
DA:51,0
DA:52,0
DA:53,0
DA:54,0
DA:55,0
DA:56,0
LF:24
LH:16
end_of_record
SF:lib/features/organization/data/repositories/organization_repository_impl.dart
DA:20,1
DA:22,1
DA:30,4
DA:40,1
DA:42,4
DA:43,1
DA:44,2
DA:45,1
DA:46,1
DA:47,1
DA:48,1
DA:53,1
DA:55,4
DA:58,1
DA:63,1
DA:64,3
DA:68,1
DA:73,1
DA:74,3
DA:78,1
DA:85,1
DA:86,3
DA:95,1
DA:103,4
DA:112,1
DA:116,3
DA:117,1
DA:118,2
DA:119,1
DA:120,1
DA:121,1
DA:122,1
LF:32
LH:32
end_of_record
SF:lib/core/screens/splash_screen.dart
DA:4,2
DA:6,1
DA:8,1
DA:12,1
DA:13,1
LF:5
LH:5
end_of_record
SF:lib/features/organization/domain/usecases/update_member.dart
DA:18,2
DA:25,1
DA:26,5
DA:32,1
DA:34,1
DA:36,2
DA:37,1
DA:38,1
DA:39,1
DA:40,1
LF:10
LH:10
end_of_record
SF:lib/core/usecases/usecase.dart
DA:11,0
DA:12,0
LF:2
LH:0
end_of_record
SF:lib/features/organization/domain/usecases/create_organization.dart
DA:20,2
DA:28,1
DA:29,6
DA:36,1
DA:38,1
DA:40,2
DA:41,1
DA:42,1
DA:43,1
DA:44,1
DA:45,1
LF:11
LH:11
end_of_record
SF:lib/features/organization/domain/usecases/invite_user_to_organization.dart
DA:15,1
DA:20,0
DA:21,0
DA:28,1
DA:30,1
DA:33,2
DA:34,1
DA:35,1
LF:8
LH:6
end_of_record
SF:lib/features/organization/domain/usecases/delete_organization.dart
DA:11,2
DA:13,1
DA:14,2
DA:20,1
DA:22,1
DA:24,3
LF:6
LH:6
end_of_record
SF:lib/features/organization/domain/usecases/update_organization.dart
DA:19,2
DA:27,1
DA:28,5
DA:35,1
DA:37,1
DA:39,2
DA:40,1
DA:41,1
DA:42,1
DA:43,1
DA:44,1
LF:11
LH:11
end_of_record
SF:lib/features/organization/domain/usecases/remove_member.dart
DA:14,2
DA:19,1
DA:20,3
DA:26,1
DA:28,1
DA:30,2
DA:31,1
DA:32,1
LF:8
LH:8
end_of_record
SF:lib/features/organization/domain/usecases/get_organization.dart
DA:12,2
DA:14,1
DA:15,2
DA:21,1
DA:23,1
DA:25,3
LF:6
LH:6
end_of_record
SF:lib/features/organization/presentation/notifiers/organizations_notifier.dart
DA:60,1
DA:69,2
DA:70,0
DA:71,2
DA:74,1
DA:81,1
DA:82,1
DA:84,4
DA:92,1
DA:93,1
DA:95,1
DA:96,1
DA:97,1
DA:98,1
DA:99,1
DA:105,1
DA:106,1
DA:107,1
DA:108,3
DA:109,1
DA:112,1
DA:113,1
DA:115,1
DA:116,1
DA:117,1
DA:118,1
DA:119,1
DA:124,0
DA:127,0
DA:131,1
DA:132,1
DA:133,1
DA:134,3
DA:135,1
DA:138,1
DA:139,1
DA:141,1
DA:142,1
DA:143,1
DA:144,1
DA:145,1
DA:151,1
DA:155,1
DA:156,1
DA:158,4
DA:163,1
DA:164,1
DA:166,1
DA:167,1
DA:168,1
DA:169,1
DA:170,1
DA:176,1
DA:182,1
DA:183,1
DA:185,4
DA:192,1
DA:193,1
DA:195,1
DA:196,1
DA:197,1
DA:198,1
DA:199,1
DA:205,1
DA:212,1
DA:213,1
DA:215,4
DA:223,1
DA:224,1
DA:226,1
DA:227,1
DA:228,1
DA:229,1
DA:230,1
LF:74
LH:71
end_of_record
SF:lib/core/enums/social_login_types.dart
DA:1,6
DA:2,6
DA:3,6
LF:3
LH:3
end_of_record
SF:lib/features/auth/data/datasources/auth_remote_data_source.dart
DA:50,1
DA:57,1
DA:62,2
DA:63,1
DA:64,2
DA:69,1
DA:72,1
DA:73,3
DA:75,0
DA:79,3
DA:82,5
DA:84,1
DA:85,3
DA:86,2
DA:87,1
DA:92,1
DA:93,2
DA:94,1
DA:95,1
DA:96,2
DA:97,1
DA:104,1
DA:106,2
DA:107,1
DA:109,1
DA:110,1
DA:112,3
DA:113,2
DA:118,1
DA:119,2
DA:120,1
DA:121,1
DA:122,2
DA:123,1
DA:125,1
LF:35
LH:34
end_of_record
SF:lib/features/auth/data/repositories/auth_repository_impl.dart
DA:18,1
DA:24,1
DA:28,4
DA:31,1
DA:32,4
DA:35,1
DA:40,4
DA:42,1
DA:43,3
DA:44,2
DA:48,3
DA:49,1
DA:50,2
DA:51,1
DA:52,1
DA:53,1
DA:54,1
LF:17
LH:17
end_of_record
SF:lib/features/auth/domain/usecases/sign_in_with_social.dart
DA:13,1
DA:16,1
DA:17,4
DA:24,2
DA:26,1
DA:27,2
LF:6
LH:6
end_of_record
SF:lib/features/auth/domain/usecases/sign_in_with_email_and_password.dart
DA:13,1
DA:16,1
DA:18,3
DA:19,1
DA:20,1
DA:29,2
DA:31,1
DA:32,3
LF:8
LH:8
end_of_record
SF:lib/features/auth/domain/usecases/sign_up.dart
DA:12,1
DA:15,1
DA:16,6
DA:25,2
DA:27,1
DA:28,4
LF:6
LH:6
end_of_record
SF:lib/features/user/data/datasource/user_data_source.dart
DA:32,1
DA:39,1
DA:41,4
DA:42,1
DA:43,1
DA:44,1
DA:45,2
DA:51,3
DA:52,2
DA:53,1
DA:56,2
DA:57,1
DA:58,1
DA:60,1
DA:61,1
DA:62,2
DA:63,1
DA:65,1
DA:71,1
DA:79,1
DA:82,0
DA:86,1
DA:90,0
DA:94,0
DA:95,0
DA:98,0
DA:99,0
DA:101,0
DA:104,4
DA:105,4
DA:107,1
DA:108,0
DA:109,0
DA:115,1
DA:116,3
DA:117,2
DA:118,1
DA:121,2
DA:122,1
DA:123,1
DA:125,1
DA:126,1
DA:127,2
DA:128,1
DA:130,1
DA:135,1
DA:136,4
DA:138,1
DA:139,2
DA:141,2
DA:142,1
DA:143,1
DA:150,1
DA:151,1
DA:153,3
DA:154,1
DA:156,3
DA:157,1
DA:158,2
DA:159,1
DA:160,4
DA:162,1
DA:163,3
DA:164,1
DA:165,1
LF:65
LH:56
end_of_record
SF:lib/features/auth/presentation/notifiers/auth_notifier.dart
DA:22,2
DA:23,2
DA:25,1
DA:32,1
DA:33,1
DA:34,1
DA:36,3
DA:37,1
DA:40,1
DA:41,1
DA:43,1
DA:44,1
DA:45,1
DA:46,1
DA:47,1
DA:53,1
DA:54,1
DA:55,1
DA:58,4
DA:60,1
DA:61,1
DA:63,1
DA:64,1
DA:65,1
DA:66,1
DA:67,1
DA:73,1
DA:74,1
DA:75,1
DA:78,4
DA:80,1
DA:81,1
DA:83,1
DA:84,1
DA:85,1
DA:86,1
DA:87,1
LF:37
LH:37
end_of_record
SF:lib/features/user/data/repository/user_repository_impl.dart
DA:16,1
DA:21,1
DA:23,4
DA:24,1
DA:25,2
DA:26,1
DA:27,1
DA:28,1
DA:29,1
DA:35,1
DA:43,4
DA:50,1
DA:51,2
DA:52,1
DA:53,1
DA:54,1
DA:55,1
LF:17
LH:17
end_of_record
SF:lib/features/user/domain/usecases/get_user.dart
DA:12,1
DA:14,0
DA:15,0
DA:21,1
DA:23,1
DA:25,3
LF:6
LH:4
end_of_record
SF:lib/features/user/domain/usecases/update_user.dart
DA:20,1
DA:28,0
DA:29,0
DA:35,1
DA:37,1
DA:39,2
DA:40,1
DA:41,1
DA:42,1
DA:43,1
DA:44,1
LF:11
LH:9
end_of_record
SF:lib/features/tracking/data/datasources/location_data_source.dart
DA:27,1
DA:33,1
DA:34,3
DA:35,2
DA:39,1
DA:43,3
DA:44,2
DA:47,1
LF:8
LH:8
end_of_record
SF:lib/features/tracking/data/repositories/location_repository_impl.dart
DA:14,1
DA:17,1
DA:19,3
DA:20,1
DA:21,1
DA:22,2
DA:23,1
DA:24,1
DA:25,1
DA:26,1
DA:28,1
DA:29,2
DA:30,1
DA:31,1
DA:32,1
DA:33,1
DA:39,1
DA:44,4
DA:45,1
DA:46,1
DA:47,2
DA:48,1
DA:49,1
DA:50,1
DA:51,1
DA:53,1
DA:54,2
DA:55,1
DA:56,1
DA:57,1
DA:58,1
LF:31
LH:31
end_of_record
SF:lib/features/tracking/domain/usecases/track_user.dart
DA:15,1
DA:18,1
DA:21,3
DA:22,1
DA:23,0
DA:24,1
DA:25,3
DA:26,4
DA:36,2
DA:38,1
DA:39,2
LF:11
LH:10
end_of_record
SF:lib/features/tracking/presentation/notifiers/location_notifier.dart
DA:17,1
DA:19,2
DA:21,1
DA:22,4
DA:24,1
DA:25,1
DA:26,1
DA:27,1
DA:28,1
LF:9
LH:9
end_of_record
